0 info it worked if it ends with ok
1 verbose cli [ 'node', '/usr/local/bin/npm', 'install', 'supportkit-js' ]
2 info using npm@1.4.14
3 info using node@v0.10.29
4 warn package.json projectnaam@0.1.0 No repository field.
5 verbose readDependencies using package.json deps
6 verbose cache add [ 'supportkit-js', null ]
7 verbose cache add name=undefined spec="supportkit-js" args=["supportkit-js",null]
8 verbose parsed url { protocol: null,
8 verbose parsed url   slashes: null,
8 verbose parsed url   auth: null,
8 verbose parsed url   host: null,
8 verbose parsed url   port: null,
8 verbose parsed url   hostname: null,
8 verbose parsed url   hash: null,
8 verbose parsed url   search: null,
8 verbose parsed url   query: null,
8 verbose parsed url   pathname: 'supportkit-js',
8 verbose parsed url   path: 'supportkit-js',
8 verbose parsed url   href: 'supportkit-js' }
9 silly lockFile f6f6b97f-supportkit-js supportkit-js
10 verbose lock supportkit-js /Users/jasondunlap/.npm/f6f6b97f-supportkit-js.lock
11 silly lockFile f6f6b97f-supportkit-js supportkit-js
12 silly lockFile f6f6b97f-supportkit-js supportkit-js
13 verbose addNamed [ 'supportkit-js', '' ]
14 verbose addNamed [ null, '*' ]
15 silly lockFile 0876c5d6-supportkit-js supportkit-js@
16 verbose lock supportkit-js@ /Users/jasondunlap/.npm/0876c5d6-supportkit-js.lock
17 silly addNameRange { name: 'supportkit-js', range: '*', hasData: false }
18 verbose url raw supportkit-js
19 verbose url resolving [ 'https://registry.npmjs.org/', './supportkit-js' ]
20 verbose url resolved https://registry.npmjs.org/supportkit-js
21 info trying registry request attempt 1 at 18:32:52
22 http GET https://registry.npmjs.org/supportkit-js
23 http 404 https://registry.npmjs.org/supportkit-js
24 verbose headers { server: 'CouchDB/1.5.0 (Erlang OTP/R16B03)',
24 verbose headers   'content-type': 'application/json',
24 verbose headers   'cache-control': 'max-age=0',
24 verbose headers   'content-length': '51',
24 verbose headers   'accept-ranges': 'bytes',
24 verbose headers   date: 'Tue, 09 Jun 2015 23:32:52 GMT',
24 verbose headers   via: '1.1 varnish',
24 verbose headers   age: '0',
24 verbose headers   connection: 'keep-alive',
24 verbose headers   'x-served-by': 'cache-iad2140-IAD',
24 verbose headers   'x-cache': 'MISS',
24 verbose headers   'x-cache-hits': '0',
24 verbose headers   'x-timer': 'S1433892772.898995,VS0,VE17' }
25 silly registry.get cb [ 404,
25 silly registry.get   { server: 'CouchDB/1.5.0 (Erlang OTP/R16B03)',
25 silly registry.get     'content-type': 'application/json',
25 silly registry.get     'cache-control': 'max-age=0',
25 silly registry.get     'content-length': '51',
25 silly registry.get     'accept-ranges': 'bytes',
25 silly registry.get     date: 'Tue, 09 Jun 2015 23:32:52 GMT',
25 silly registry.get     via: '1.1 varnish',
25 silly registry.get     age: '0',
25 silly registry.get     connection: 'keep-alive',
25 silly registry.get     'x-served-by': 'cache-iad2140-IAD',
25 silly registry.get     'x-cache': 'MISS',
25 silly registry.get     'x-cache-hits': '0',
25 silly registry.get     'x-timer': 'S1433892772.898995,VS0,VE17' } ]
26 silly lockFile 0876c5d6-supportkit-js supportkit-js@
27 silly lockFile 0876c5d6-supportkit-js supportkit-js@
28 error 404 404 Not Found: supportkit-js
28 error 404
28 error 404 'supportkit-js' is not in the npm registry.
28 error 404 You should bug the author to publish it
28 error 404 It was specified as a dependency of 'projectnaam'
28 error 404
28 error 404 Maybe try 'npm search supportkit'
28 error 404
28 error 404 Note that you can also install from a
28 error 404 tarball, folder, or http url, or git url.
29 error System Darwin 14.3.0
30 error command "node" "/usr/local/bin/npm" "install" "supportkit-js"
31 error cwd /Users/jasondunlap/Desktop/lobby-boy-master
32 error node -v v0.10.29
33 error npm -v 1.4.14
34 error code E404
35 verbose exit [ 1, true ]
